<?xml version="1.0" encoding="UTF-8"?>
<!-- Generated by org.testng.reporters.JUnitXMLReporter -->
<testsuite ignored="0" hostname="DESKTOP-02HTNM8" failures="0" tests="5" name="Default test" time="10.898" errors="0" timestamp="2024-08-14T13:00:00 IST">
  <testcase classname="com.qaautomation.registerdemo.RegisterDemoFlow" name="launchApplication" time="6.331"/>
  <testcase classname="com.qaautomation.registerdemo.RegisterDemoFlow" name="navigateToRegisterDemoPage" time="1.351"/>
  <testcase classname="com.qaautomation.registerdemo.RegisterDemoFlow" name="registerDemo" time="2.955"/>
  <testcase classname="com.qaautomation.registerdemo.RegisterDemoFlow" name="validateSuccessfulMessage" time="0.043"/>
  <testcase classname="com.qaautomation.registerdemo.RegisterDemoFlow" name="closeApplication" time="0.162"/>
</testsuite> <!-- Default test -->
