<?xml version="1.0" encoding="UTF-8"?>
<!-- Generated by org.testng.reporters.JUnitXMLReporter -->
<testsuite ignored="0" hostname="DESKTOP-02HTNM8" failures="0" tests="5" name="Register Demo Flow" time="10.725" errors="0" timestamp="2024-08-14T13:00:59 IST">
  <testcase classname="com.qaautomation.registerdemo.RegisterDemoFlow" name="launchApplication" time="5.856"/>
  <testcase classname="com.qaautomation.registerdemo.RegisterDemoFlow" name="navigateToRegisterDemoPage" time="1.654"/>
  <testcase classname="com.qaautomation.registerdemo.RegisterDemoFlow" name="registerDemo" time="2.957"/>
  <testcase classname="com.qaautomation.registerdemo.RegisterDemoFlow" name="validateSuccessfulMessage" time="0.047"/>
  <testcase classname="com.qaautomation.registerdemo.RegisterDemoFlow" name="closeApplication" time="0.148"/>
</testsuite> <!-- Register Demo Flow -->
