<?xml version="1.0" encoding="UTF-8"?>
<testng-results ignored="0" total="4" passed="4" failed="0" skipped="0">
  <reporter-output>
  </reporter-output>
  <suite started-at="2024-08-15T22:49:31 IST" name="Sanity Suite" finished-at="2024-08-15T22:49:42 IST" duration-ms="10486">
    <groups>
    </groups>
    <test started-at="2024-08-15T22:49:31 IST" name="Register Demo Flow" finished-at="2024-08-15T22:49:42 IST" duration-ms="10486">
      <class name="com.qaautomation.registerdemo.RegisterDemoFlow">
        <test-method signature="launchApplication()[pri:1, instance:com.qaautomation.registerdemo.RegisterDemoFlow@49912c99]" started-at="2024-08-15T22:49:32 IST" name="launchApplication" finished-at="2024-08-15T22:49:38 IST" duration-ms="6677" status="PASS">
          <reporter-output>
          </reporter-output>
        </test-method> <!-- launchApplication -->
        <test-method signature="registerDemo()[pri:2, instance:com.qaautomation.registerdemo.RegisterDemoFlow@49912c99]" started-at="2024-08-15T22:49:38 IST" name="registerDemo" finished-at="2024-08-15T22:49:42 IST" duration-ms="3517" status="PASS">
          <reporter-output>
          </reporter-output>
        </test-method> <!-- registerDemo -->
        <test-method signature="validateSuccessfulMessage()[pri:3, instance:com.qaautomation.registerdemo.RegisterDemoFlow@49912c99]" started-at="2024-08-15T22:49:42 IST" name="validateSuccessfulMessage" finished-at="2024-08-15T22:49:42 IST" duration-ms="47" status="PASS">
          <reporter-output>
          </reporter-output>
        </test-method> <!-- validateSuccessfulMessage -->
        <test-method signature="closeApplication()[pri:4, instance:com.qaautomation.registerdemo.RegisterDemoFlow@49912c99]" started-at="2024-08-15T22:49:42 IST" name="closeApplication" finished-at="2024-08-15T22:49:42 IST" duration-ms="192" status="PASS">
          <reporter-output>
          </reporter-output>
        </test-method> <!-- closeApplication -->
      </class> <!-- com.qaautomation.registerdemo.RegisterDemoFlow -->
    </test> <!-- Register Demo Flow -->
  </suite> <!-- Sanity Suite -->
</testng-results>
