<?xml version="1.0" encoding="UTF-8"?>
<testsuite xmlns:xsi="http://www.w3.org/2001/XMLSchema-instance" xsi:noNamespaceSchemaLocation="https://maven.apache.org/surefire/maven-surefire-plugin/xsd/surefire-test-report.xsd" name="TestSuite" time="11.107" tests="4" errors="0" skipped="0" failures="0">
  <properties>
[...]
</properties>
  <testcase name="launchApplication" classname="com.qaautomation.registerdemo.RegisterDemoFlow" time="6.679"/>
  <testcase name="registerDemo" classname="com.qaautomation.registerdemo.RegisterDemoFlow" time="3.518"/>
  <testcase name="validateSuccessfulMessage" classname="com.qaautomation.registerdemo.RegisterDemoFlow" time="0.046"/>
  <testcase name="closeApplication" classname="com.qaautomation.registerdemo.RegisterDemoFlow" time="0.193"/>
</testsuite>